d:\yangjun\代码\daily-practice\concert system\concert system\x64\debug\vc143.pdb
d:\yangjun\代码\daily-practice\concert system\concert system\x64\debug\vc143.idb
d:\yangjun\代码\daily-practice\concert system\concert system\x64\debug\test.obj
d:\yangjun\代码\daily-practice\concert system\concert system\x64\debug\concert system.obj
d:\yangjun\代码\daily-practice\concert system\concert system\x64\debug\concert system.obj.enc
d:\yangjun\代码\daily-practice\concert system\x64\debug\concert system.pdb
d:\yangjun\代码\daily-practice\concert system\concert system\x64\debug\concert system.tlog\cl.command.1.tlog
d:\yangjun\代码\daily-practice\concert system\concert system\x64\debug\concert system.tlog\cl.items.tlog
d:\yangjun\代码\daily-practice\concert system\concert system\x64\debug\concert system.tlog\cl.read.1.tlog
d:\yangjun\代码\daily-practice\concert system\concert system\x64\debug\concert system.tlog\cl.write.1.tlog
d:\yangjun\代码\daily-practice\concert system\concert system\x64\debug\concert system.tlog\link-cvtres.read.1.tlog
d:\yangjun\代码\daily-practice\concert system\concert system\x64\debug\concert system.tlog\link-cvtres.write.1.tlog
d:\yangjun\代码\daily-practice\concert system\concert system\x64\debug\concert system.tlog\link-rc.read.1.tlog
d:\yangjun\代码\daily-practice\concert system\concert system\x64\debug\concert system.tlog\link-rc.write.1.tlog
d:\yangjun\代码\daily-practice\concert system\concert system\x64\debug\concert system.tlog\link.29644-cvtres.read.1.tlog
d:\yangjun\代码\daily-practice\concert system\concert system\x64\debug\concert system.tlog\link.29644-cvtres.write.1.tlog
d:\yangjun\代码\daily-practice\concert system\concert system\x64\debug\concert system.tlog\link.29644-rc.read.1.tlog
d:\yangjun\代码\daily-practice\concert system\concert system\x64\debug\concert system.tlog\link.29644-rc.write.1.tlog
d:\yangjun\代码\daily-practice\concert system\concert system\x64\debug\concert system.tlog\link.29644.read.1.tlog
d:\yangjun\代码\daily-practice\concert system\concert system\x64\debug\concert system.tlog\link.29644.read.2.tlog
d:\yangjun\代码\daily-practice\concert system\concert system\x64\debug\concert system.tlog\link.29644.read.3.tlog
d:\yangjun\代码\daily-practice\concert system\concert system\x64\debug\concert system.tlog\link.29644.read.4.tlog
d:\yangjun\代码\daily-practice\concert system\concert system\x64\debug\concert system.tlog\link.29644.write.1.tlog
d:\yangjun\代码\daily-practice\concert system\concert system\x64\debug\concert system.tlog\link.command.1.tlog
d:\yangjun\代码\daily-practice\concert system\concert system\x64\debug\concert system.tlog\link.read.1.tlog
d:\yangjun\代码\daily-practice\concert system\concert system\x64\debug\concert system.tlog\link.read.2.tlog
d:\yangjun\代码\daily-practice\concert system\concert system\x64\debug\concert system.tlog\link.read.3.tlog
d:\yangjun\代码\daily-practice\concert system\concert system\x64\debug\concert system.tlog\link.read.4.tlog
d:\yangjun\代码\daily-practice\concert system\concert system\x64\debug\concert system.tlog\link.write.1.tlog
